  BGround.cpp
  servermain.cpp
c:\users\christopher\desktop\old schoolwork\student_game\viewserver\ground.h(214): warning C4244: 'argument': conversion from 'int' to 'float', possible loss of data
c:\users\christopher\desktop\old schoolwork\student_game\viewserver\ground.h(222): warning C4244: 'initializing': conversion from 'float' to 'int', possible loss of data
c:\users\christopher\desktop\old schoolwork\student_game\viewserver\ground.h(223): warning C4244: 'initializing': conversion from 'float' to 'int', possible loss of data
c:\users\christopher\desktop\old schoolwork\student_game\viewserver\ground.h(210): warning C4101: 'b': unreferenced local variable
c:\users\christopher\desktop\old schoolwork\student_game\viewserver\ground.h(210): warning C4101: 'g': unreferenced local variable
c:\users\christopher\desktop\old schoolwork\student_game\viewserver\ground.h(210): warning C4101: 'r': unreferenced local variable
c:\users\christopher\desktop\old schoolwork\student_game\viewserver\ground.h(267): warning C4996: 'fopen': This function or variable may be unsafe. Consider using fopen_s instead. To disable deprecation, use _CRT_SECURE_NO_WARNINGS. See online help for details.
  c:\program files (x86)\windows kits\10\include\10.0.15063.0\ucrt\stdio.h(207): note: see declaration of 'fopen'
c:\users\christopher\desktop\old schoolwork\student_game\viewserver\ground.h(378): warning C4018: '>=': signed/unsigned mismatch
c:\users\christopher\desktop\old schoolwork\student_game\viewserver\ground.h(386): warning C4018: '>=': signed/unsigned mismatch
c:\users\christopher\desktop\old schoolwork\student_game\viewserver\ground.h(410): warning C4996: 'fopen': This function or variable may be unsafe. Consider using fopen_s instead. To disable deprecation, use _CRT_SECURE_NO_WARNINGS. See online help for details.
  c:\program files (x86)\windows kits\10\include\10.0.15063.0\ucrt\stdio.h(207): note: see declaration of 'fopen'
c:\users\christopher\desktop\old schoolwork\student_game\viewserver\ground.h(518): warning C4018: '<': signed/unsigned mismatch
c:\users\christopher\desktop\old schoolwork\student_game\viewserver\servermain.cpp(54): warning C4244: '=': conversion from 'double' to 'float', possible loss of data
c:\users\christopher\desktop\old schoolwork\student_game\viewserver\servermain.cpp(187): warning C4005: 'TIMER1': macro redefinition
  c:\users\christopher\desktop\old schoolwork\student_game\viewserver\servermain.cpp(21): note: see previous definition of 'TIMER1'
c:\users\christopher\desktop\old schoolwork\student_game\viewserver\servermain.cpp(217): warning C4065: switch statement contains 'default' but no 'case' labels
c:\users\christopher\desktop\old schoolwork\student_game\viewserver\servermain.cpp(211): warning C4101: 'hwin': unreferenced local variable
c:\users\christopher\desktop\old schoolwork\student_game\viewserver\servermain.cpp(346): warning C4101: 'si': unreferenced local variable
c:\users\christopher\desktop\old schoolwork\student_game\viewserver\servermain.cpp(345): warning C4101: 'wmEvent': unreferenced local variable
c:\users\christopher\desktop\old schoolwork\student_game\viewserver\servermain.cpp(345): warning C4101: 'wmId': unreferenced local variable
c:\users\christopher\desktop\old schoolwork\student_game\viewserver\servermain.cpp(406): warning C4996: 'mbstowcs': This function or variable may be unsafe. Consider using mbstowcs_s instead. To disable deprecation, use _CRT_SECURE_NO_WARNINGS. See online help for details.
  c:\program files (x86)\windows kits\10\include\10.0.15063.0\ucrt\stdlib.h(926): note: see declaration of 'mbstowcs'
  student.cpp
c:\users\christopher\desktop\old schoolwork\student_game\viewserver\ground.h(214): warning C4244: 'argument': conversion from 'int' to 'float', possible loss of data
c:\users\christopher\desktop\old schoolwork\student_game\viewserver\ground.h(222): warning C4244: 'initializing': conversion from 'float' to 'int', possible loss of data
c:\users\christopher\desktop\old schoolwork\student_game\viewserver\ground.h(223): warning C4244: 'initializing': conversion from 'float' to 'int', possible loss of data
c:\users\christopher\desktop\old schoolwork\student_game\viewserver\ground.h(210): warning C4101: 'b': unreferenced local variable
c:\users\christopher\desktop\old schoolwork\student_game\viewserver\ground.h(210): warning C4101: 'g': unreferenced local variable
c:\users\christopher\desktop\old schoolwork\student_game\viewserver\ground.h(210): warning C4101: 'r': unreferenced local variable
c:\users\christopher\desktop\old schoolwork\student_game\viewserver\ground.h(267): warning C4996: 'fopen': This function or variable may be unsafe. Consider using fopen_s instead. To disable deprecation, use _CRT_SECURE_NO_WARNINGS. See online help for details.
  c:\program files (x86)\windows kits\10\include\10.0.15063.0\ucrt\stdio.h(207): note: see declaration of 'fopen'
c:\users\christopher\desktop\old schoolwork\student_game\viewserver\ground.h(378): warning C4018: '>=': signed/unsigned mismatch
c:\users\christopher\desktop\old schoolwork\student_game\viewserver\ground.h(386): warning C4018: '>=': signed/unsigned mismatch
c:\users\christopher\desktop\old schoolwork\student_game\viewserver\ground.h(410): warning C4996: 'fopen': This function or variable may be unsafe. Consider using fopen_s instead. To disable deprecation, use _CRT_SECURE_NO_WARNINGS. See online help for details.
  c:\program files (x86)\windows kits\10\include\10.0.15063.0\ucrt\stdio.h(207): note: see declaration of 'fopen'
c:\users\christopher\desktop\old schoolwork\student_game\viewserver\ground.h(518): warning C4018: '<': signed/unsigned mismatch
c:\users\christopher\desktop\old schoolwork\student_game\viewserver\student.cpp(18): warning C4996: 'sprintf': This function or variable may be unsafe. Consider using sprintf_s instead. To disable deprecation, use _CRT_SECURE_NO_WARNINGS. See online help for details.
  c:\program files (x86)\windows kits\10\include\10.0.15063.0\ucrt\stdio.h(1772): note: see declaration of 'sprintf'
c:\users\christopher\desktop\old schoolwork\student_game\viewserver\student.cpp(20): warning C4996: 'sprintf': This function or variable may be unsafe. Consider using sprintf_s instead. To disable deprecation, use _CRT_SECURE_NO_WARNINGS. See online help for details.
  c:\program files (x86)\windows kits\10\include\10.0.15063.0\ucrt\stdio.h(1772): note: see declaration of 'sprintf'
c:\users\christopher\desktop\old schoolwork\student_game\viewserver\student.cpp(22): warning C4996: 'sprintf': This function or variable may be unsafe. Consider using sprintf_s instead. To disable deprecation, use _CRT_SECURE_NO_WARNINGS. See online help for details.
  c:\program files (x86)\windows kits\10\include\10.0.15063.0\ucrt\stdio.h(1772): note: see declaration of 'sprintf'
c:\users\christopher\desktop\old schoolwork\student_game\viewserver\student.cpp(55): warning C4996: 'sprintf': This function or variable may be unsafe. Consider using sprintf_s instead. To disable deprecation, use _CRT_SECURE_NO_WARNINGS. See online help for details.
  c:\program files (x86)\windows kits\10\include\10.0.15063.0\ucrt\stdio.h(1772): note: see declaration of 'sprintf'
c:\users\christopher\desktop\old schoolwork\student_game\viewserver\student.cpp(57): warning C4996: 'sprintf': This function or variable may be unsafe. Consider using sprintf_s instead. To disable deprecation, use _CRT_SECURE_NO_WARNINGS. See online help for details.
  c:\program files (x86)\windows kits\10\include\10.0.15063.0\ucrt\stdio.h(1772): note: see declaration of 'sprintf'
c:\users\christopher\desktop\old schoolwork\student_game\viewserver\student.cpp(59): warning C4996: 'sprintf': This function or variable may be unsafe. Consider using sprintf_s instead. To disable deprecation, use _CRT_SECURE_NO_WARNINGS. See online help for details.
  c:\program files (x86)\windows kits\10\include\10.0.15063.0\ucrt\stdio.h(1772): note: see declaration of 'sprintf'
c:\users\christopher\desktop\old schoolwork\student_game\viewserver\student.cpp(61): warning C4996: 'sprintf': This function or variable may be unsafe. Consider using sprintf_s instead. To disable deprecation, use _CRT_SECURE_NO_WARNINGS. See online help for details.
  c:\program files (x86)\windows kits\10\include\10.0.15063.0\ucrt\stdio.h(1772): note: see declaration of 'sprintf'
  Generating code
c:\users\christopher\desktop\old schoolwork\student_game\viewserver\servermain.cpp(457): warning C4715: 'run_mp3_thread': not all control paths return a value
  211 of 211 functions (100.0%) were compiled.
    75 functions were new in current compilation
    0 functions had inline decision re-evaluated but remain unchanged
  Finished generating code
  viewserver.vcxproj -> C:\Users\Christopher\Desktop\Old Schoolwork\student_game\Release\servercontrol.exe
